[    0.000000] Linux version 4.15.0-65-generic (buildd@lgw01-amd64-006) (gcc version 7.4.0 (Ubuntu 7.4.0-1ubuntu1~18.04.1)) #74-Ubuntu SMP Tue Sep 17 17:06:04 UTC 2019 (Ubuntu 4.15.0-65.74-generic 4.15.18)
[    0.000000] Command line: BOOT_IMAGE=/boot/vmlinuz-4.15.0-65-generic root=LABEL=cloudimg-rootfs ro console=tty1 console=ttyS0
[    0.000000] KERNEL supported cpus:
[    0.000000]   Intel GenuineIntel
[    0.000000]   AMD AuthenticAMD
[    0.000000]   Centaur CentaurHauls
[    0.000000] x86/fpu: Supporting XSAVE feature 0x001: 'x87 floating point registers'
[    0.000000] x86/fpu: Supporting XSAVE feature 0x002: 'SSE registers'
[    0.000000] x86/fpu: Supporting XSAVE feature 0x004: 'AVX registers'
[    0.000000] x86/fpu: xstate_offset[2]:  576, xstate_sizes[2]:  256
[    0.000000] x86/fpu: Enabled xstate features 0x7, context size is 832 bytes, using 'standard' format.
[    0.000000] e820: BIOS-provided physical RAM map:
[    0.000000] BIOS-e820: [mem 0x0000000000000000-0x000000000009fbff] usable
[    0.000000] BIOS-e820: [mem 0x000000000009fc00-0x000000000009ffff] reserved
[    0.000000] BIOS-e820: [mem 0x00000000000f0000-0x00000000000fffff] reserved
[    0.000000] BIOS-e820: [mem 0x0000000000100000-0x000000003ffeffff] usable
[    0.000000] BIOS-e820: [mem 0x000000003fff0000-0x000000003fffffff] ACPI data
[    0.000000] BIOS-e820: [mem 0x00000000fec00000-0x00000000fec00fff] reserved
[    0.000000] BIOS-e820: [mem 0x00000000fee00000-0x00000000fee00fff] reserved
[    0.000000] BIOS-e820: [mem 0x00000000fffc0000-0x00000000ffffffff] reserved
[    0.000000] NX (Execute Disable) protection: active
[    0.000000] SMBIOS 2.5 present.
[    0.000000] DMI: innotek GmbH VirtualBox/VirtualBox, BIOS VirtualBox 12/01/2006
[    0.000000] Hypervisor detected: KVM
[    0.000000] e820: last_pfn = 0x3fff0 max_arch_pfn = 0x400000000
[    0.000000] MTRR: Disabled
[    0.000000] x86/PAT: MTRRs disabled, skipping PAT initialization too.
[    0.000000] CPU MTRRs all blank - virtualized system.
[    0.000000] x86/PAT: Configuration [0-7]: WB  WT  UC- UC  WB  WT  UC- UC  
[    0.000000] found SMP MP-table at [mem 0x0009fff0-0x0009ffff]
[    0.000000] Scanning 1 areas for low memory corruption
[    0.000000] RAMDISK: [mem 0x35983000-0x36cb8fff]
[    0.000000] ACPI: Early table checksum verification disabled
[    0.000000] ACPI: RSDP 0x00000000000E0000 000024 (v02 VBOX  )
[    0.000000] ACPI: XSDT 0x000000003FFF0030 00003C (v01 VBOX   VBOXXSDT 00000001 ASL  00000061)
[    0.000000] ACPI: FACP 0x000000003FFF00F0 0000F4 (v04 VBOX   VBOXFACP 00000001 ASL  00000061)
[    0.000000] ACPI: DSDT 0x000000003FFF0470 0022EA (v02 VBOX   VBOXBIOS 00000002 INTL 20100528)
[    0.000000] ACPI: FACS 0x000000003FFF0200 000040
[    0.000000] ACPI: FACS 0x000000003FFF0200 000040
[    0.000000] ACPI: APIC 0x000000003FFF0240 00005C (v02 VBOX   VBOXAPIC 00000001 ASL  00000061)
[    0.000000] ACPI: SSDT 0x000000003FFF02A0 0001CC (v01 VBOX   VBOXCPUT 00000002 INTL 20100528)
[    0.000000] No NUMA configuration found
[    0.000000] Faking a node at [mem 0x0000000000000000-0x000000003ffeffff]
[    0.000000] NODE_DATA(0) allocated [mem 0x3ffc5000-0x3ffeffff]
[    0.000000] kvm-clock: cpu 0, msr 0:3ff44001, primary cpu clock
[    0.000000] kvm-clock: Using msrs 4b564d01 and 4b564d00
[    0.000000] kvm-clock: using sched offset of 4544391785 cycles
[    0.000000] clocksource: kvm-clock: mask: 0xffffffffffffffff max_cycles: 0x1cd42e4dffb, max_idle_ns: 881590591483 ns
[    0.000000] Zone ranges:
[    0.000000]   DMA      [mem 0x0000000000001000-0x0000000000ffffff]
[    0.000000]   DMA32    [mem 0x0000000001000000-0x000000003ffeffff]
[    0.000000]   Normal   empty
[    0.000000]   Device   empty
[    0.000000] Movable zone start for each node
[    0.000000] Early memory node ranges
[    0.000000]   node   0: [mem 0x0000000000001000-0x000000000009efff]
[    0.000000]   node   0: [mem 0x0000000000100000-0x000000003ffeffff]
[    0.000000] Reserved but unavailable: 98 pages
[    0.000000] Initmem setup node 0 [mem 0x0000000000001000-0x000000003ffeffff]
[    0.000000] ACPI: PM-Timer IO Port: 0x4008
[    0.000000] IOAPIC[0]: apic_id 2, version 32, address 0xfec00000, GSI 0-23
[    0.000000] ACPI: INT_SRC_OVR (bus 0 bus_irq 0 global_irq 2 dfl dfl)
[    0.000000] ACPI: INT_SRC_OVR (bus 0 bus_irq 9 global_irq 9 low level)
[    0.000000] Using ACPI (MADT) for SMP configuration information
[    0.000000] smpboot: Allowing 2 CPUs, 0 hotplug CPUs
[    0.000000] PM: Registered nosave memory: [mem 0x00000000-0x00000fff]
[    0.000000] PM: Registered nosave memory: [mem 0x0009f000-0x0009ffff]
[    0.000000] PM: Registered nosave memory: [mem 0x000a0000-0x000effff]
[    0.000000] PM: Registered nosave memory: [mem 0x000f0000-0x000fffff]
[    0.000000] e820: [mem 0x40000000-0xfebfffff] available for PCI devices
[    0.000000] Booting paravirtualized kernel on KVM
[    0.000000] clocksource: refined-jiffies: mask: 0xffffffff max_cycles: 0xffffffff, max_idle_ns: 7645519600211568 ns
[    0.000000] random: get_random_bytes called from start_kernel+0x99/0x4fd with crng_init=0
[    0.000000] setup_percpu: NR_CPUS:8192 nr_cpumask_bits:2 nr_cpu_ids:2 nr_node_ids:1
[    0.000000] percpu: Embedded 46 pages/cpu s151552 r8192 d28672 u1048576
[    0.000000] PV qspinlock hash table entries: 256 (order: 0, 4096 bytes)
[    0.000000] Built 1 zonelists, mobility grouping on.  Total pages: 257913
[    0.000000] Policy zone: DMA32
[    0.000000] Kernel command line: BOOT_IMAGE=/boot/vmlinuz-4.15.0-65-generic root=LABEL=cloudimg-rootfs ro console=tty1 console=ttyS0
[    0.000000] Memory: 982908K/1048120K available (12300K kernel code, 2481K rwdata, 4256K rodata, 2436K init, 2388K bss, 65212K reserved, 0K cma-reserved)
[    0.000000] SLUB: HWalign=64, Order=0-3, MinObjects=0, CPUs=2, Nodes=1
[    0.000000] Kernel/User page tables isolation: enabled
[    0.000000] ftrace: allocating 39301 entries in 154 pages
[    0.004000] Hierarchical RCU implementation.
[    0.004000] 	RCU restricting CPUs from NR_CPUS=8192 to nr_cpu_ids=2.
[    0.004000] 	Tasks RCU enabled.
[    0.004000] RCU: Adjusting geometry for rcu_fanout_leaf=16, nr_cpu_ids=2
[    0.004000] NR_IRQS: 524544, nr_irqs: 440, preallocated irqs: 16
[    0.004000] Console: colour VGA+ 80x25
[    0.004000] console [tty1] enabled
[    0.004000] console [ttyS0] enabled
[    0.004000] ACPI: Core revision 20170831
[    0.004000] ACPI: 2 ACPI AML tables successfully acquired and loaded
[    0.004000] APIC: Switch to symmetric I/O mode setup
[    0.004292] x2apic enabled
[    0.006005] Switched APIC routing to physical x2apic.
[    0.009606] ..TIMER: vector=0x30 apic1=0 pin1=2 apic2=-1 pin2=-1
[    0.012012] tsc: Detected 2304.000 MHz processor
[    0.016013] Calibrating delay loop (skipped) preset value.. 4608.00 BogoMIPS (lpj=9216000)
[    0.020007] pid_max: default: 32768 minimum: 301
[    0.021379] Security Framework initialized
[    0.022664] Yama: becoming mindful.
[    0.024035] AppArmor: AppArmor initialized
[    0.028059] Dentry cache hash table entries: 131072 (order: 8, 1048576 bytes)
[    0.030077] Inode-cache hash table entries: 65536 (order: 7, 524288 bytes)
[    0.032074] Mount-cache hash table entries: 2048 (order: 2, 16384 bytes)
[    0.034222] Mountpoint-cache hash table entries: 2048 (order: 2, 16384 bytes)
[    0.036366] Last level iTLB entries: 4KB 64, 2MB 8, 4MB 8
[    0.037868] Last level dTLB entries: 4KB 64, 2MB 0, 4MB 0, 1GB 4
[    0.039690] Spectre V1 : Mitigation: usercopy/swapgs barriers and __user pointer sanitization
[    0.040005] Spectre V2 : Mitigation: Full generic retpoline
[    0.044002] Spectre V2 : Spectre v2 / SpectreRSB mitigation: Filling RSB on context switch
[    0.046370] Speculative Store Bypass: Vulnerable
[    0.048047] MDS: Mitigation: Clear CPU buffers
[    0.049598] Freeing SMP alternatives memory: 36K
[    0.161350] smpboot: CPU0: Intel(R) Core(TM) i3-7020U CPU @ 2.30GHz (family: 0x6, model: 0x8e, stepping: 0x9)
[    0.164000] Performance Events: unsupported p6 CPU model 142 no PMU driver, software events only.
[    0.164057] Hierarchical SRCU implementation.
[    0.168546] NMI watchdog: Perf event create on CPU 0 failed with -2
[    0.170256] NMI watchdog: Perf NMI watchdog permanently disabled
[    0.172097] smp: Bringing up secondary CPUs ...
[    0.174240] x86: Booting SMP configuration:
[    0.176000] .... node  #0, CPUs:      #1
[    0.004000] kvm-clock: cpu 1, msr 0:3ff44041, secondary cpu clock
[    0.184011] smp: Brought up 1 node, 2 CPUs
[    0.186197] smpboot: Max logical packages: 1
[    0.188000] smpboot: Total of 2 processors activated (9216.00 BogoMIPS)
[    0.188207] devtmpfs: initialized
[    0.192125] x86/mm: Memory block size: 128MB
[    0.194727] evm: security.selinux
[    0.196008] evm: security.SMACK64
[    0.197299] evm: security.SMACK64EXEC
[    0.200005] evm: security.SMACK64TRANSMUTE
[    0.201568] evm: security.SMACK64MMAP
[    0.204005] evm: security.apparmor
[    0.205734] evm: security.ima
[    0.206986] evm: security.capability
[    0.208916] clocksource: jiffies: mask: 0xffffffff max_cycles: 0xffffffff, max_idle_ns: 7645041785100000 ns
[    0.216026] futex hash table entries: 512 (order: 3, 32768 bytes)
[    0.220042] pinctrl core: initialized pinctrl subsystem
[    0.224303] RTC time: 12:43:41, date: 10/20/19
[    0.228263] NET: Registered protocol family 16
[    0.232166] audit: initializing netlink subsys (disabled)
[    0.236010] audit: type=2000 audit(1571575426.931:1): state=initialized audit_enabled=0 res=1
[    0.240015] cpuidle: using governor ladder
[    0.241936] cpuidle: using governor menu
[    0.244095] ACPI: bus type PCI registered
[    0.248010] acpiphp: ACPI Hot Plug PCI Controller Driver version: 0.5
[    0.252229] PCI: Using configuration type 1 for base access
[    0.260026] HugeTLB registered 2.00 MiB page size, pre-allocated 0 pages
[    0.264750] ACPI: Added _OSI(Module Device)
[    0.267018] ACPI: Added _OSI(Processor Device)
[    0.268027] ACPI: Added _OSI(3.0 _SCP Extensions)
[    0.270065] ACPI: Added _OSI(Processor Aggregator Device)
[    0.272023] ACPI: Added _OSI(Linux-Dell-Video)
[    0.274070] ACPI: Added _OSI(Linux-Lenovo-NV-HDMI-Audio)
[    0.276010] ACPI: Added _OSI(Linux-HPI-Hybrid-Graphics)
[    0.280837] ACPI: Executed 1 blocks of module-level executable AML code
[    0.296941] ACPI: Interpreter enabled
[    0.300042] ACPI: (supports S0 S5)
[    0.301682] ACPI: Using IOAPIC for interrupt routing
[    0.304497] PCI: Using host bridge windows from ACPI; if necessary, ue "pci=nocrs" and report a bug
[    0.308343] ACPI: Enabled 2 GPEs in block 00 to 07
[    0.324033] ACPI: PCI Root Bridge [PCI0] (domain 0000 [bus 00-ff])
[    0.325725] acpi PNP0A03:00: _OSC: OS supports [ASPM ClockPM Segments MSI]
[    0.328173] acpi PNP0A03:00: _OSC: not requesting OS control; OS requires [ExtendedConfig ASPM ClockPM MSI]
[    0.330861] acpi PNP0A03:00: fail to add MMCONFIG information, can't access extended PCI configuration space under this bridge.
[    0.336067] PCI host bridge to bus 0000:00
[    0.337303] pci_bus 0000:00: root bus resource [io  0x0000-0x0cf7 window]
[    0.339172] pci_bus 0000:00: root bus resource [io  0x0d00-0xffff window]
[    0.340009] pci_bus 0000:00: root bus resource [mem 0x000a0000-0x000bffff window]
[    0.342129] pci_bus 0000:00: root bus resource [mem 0x40000000-0xfdffffff window]
[    0.344004] pci_bus 0000:00: root bus resource [bus 00-ff]
[    0.351390] pci 0000:00:01.1: legacy IDE quirk: reg 0x10: [io  0x01f0-0x01f7]
[    0.352005] pci 0000:00:01.1: legacy IDE quirk: reg 0x14: [io  0x03f6]
[    0.353898] pci 0000:00:01.1: legacy IDE quirk: reg 0x18: [io  0x0170-0x0177]
[    0.356009] pci 0000:00:01.1: legacy IDE quirk: reg 0x1c: [io  0x0376]
[    0.382588] pci 0000:00:07.0: quirk: [io  0x4000-0x403f] claimed by PIIX4 ACPI
[    0.384028] pci 0000:00:07.0: quirk: [io  0x4100-0x410f] claimed by PIIX4 SMB
[    0.395331] ACPI: PCI Interrupt Link [LNKA] (IRQs 5 9 10 *11)
[    0.396675] ACPI: PCI Interrupt Link [LNKB] (IRQs 5 9 *10 11)
[    0.400231] ACPI: PCI Interrupt Link [LNKC] (IRQs 5 *9 10 11)
[    0.402306] ACPI: PCI Interrupt Link [LNKD] (IRQs 5 9 10 *11)
[    0.404365] SCSI subsystem initialized
[    0.405557] pci 0000:00:02.0: vgaarb: setting as boot VGA device
[    0.406592] pci 0000:00:02.0: vgaarb: VGA device added: decodes=io+mem,owns=io+mem,locks=none
[    0.408010] pci 0000:00:02.0: vgaarb: bridge control possible
[    0.410288] vgaarb: loaded
[    0.411433] ACPI: bus type USB registered
[    0.412042] usbcore: registered new interface driver usbfs
[    0.414134] usbcore: registered new interface driver hub
[    0.416085] usbcore: registered new device driver usb
[    0.420037] EDAC MC: Ver: 3.0.0
[    0.421890] PCI: Using ACPI for IRQ routing
[    0.424288] NetLabel: Initializing
[    0.425855] NetLabel:  domain hash size = 128
[    0.427489] NetLabel:  protocols = UNLABELED CIPSOv4 CALIPSO
[    0.428041] NetLabel:  unlabeled traffic allowed by default
[    0.432141] clocksource: Switched to clocksource kvm-clock
[    0.466316] VFS: Disk quotas dquot_6.6.0
[    0.468076] VFS: Dquot-cache hash table entries: 512 (order 0, 4096 bytes)
[    0.472952] AppArmor: AppArmor Filesystem Enabled
[    0.475059] pnp: PnP ACPI init
[    0.479197] pnp: PnP ACPI: found 3 devices
[    0.494167] clocksource: acpi_pm: mask: 0xffffff max_cycles: 0xffffff, max_idle_ns: 2085701024 ns
[    0.498401] NET: Registered protocol family 2
[    0.500534] TCP established hash table entries: 8192 (order: 4, 65536 bytes)
[    0.503011] TCP bind hash table entries: 8192 (order: 5, 131072 bytes)
[    0.509299] TCP: Hash tables configured (established 8192 bind 8192)
[    0.512318] UDP hash table entries: 512 (order: 2, 16384 bytes)
[    0.516026] UDP-Lite hash table entries: 512 (order: 2, 16384 bytes)
[    0.518637] NET: Registered protocol family 1
[    0.520435] pci 0000:00:00.0: Limiting direct PCI/PCI transfers
[    0.522707] pci 0000:00:01.0: Activating ISA DMA hang workarounds
[    0.524955] pci 0000:00:02.0: Video device with shadowed ROM at [mem 0x000c0000-0x000dffff]
[    0.527966] Unpacking initramfs...
[    1.018384] Freeing initrd memory: 19672K
[    1.019874] clocksource: tsc: mask: 0xffffffffffffffff max_cycles: 0x2135f7c97c8, max_idle_ns: 440795273205 ns
[    1.023094] platform rtc_cmos: registered platform RTC device (no PNP device found)
[    1.026140] Scanning for low memory corruption every 60 seconds
[    1.029600] Initialise system trusted keyrings
[    1.031584] Key type blacklist registered
[    1.033372] workingset: timestamp_bits=36 max_order=18 bucket_order=0
[    1.037519] zbud: loaded
[    1.039545] squashfs: version 4.0 (2009/01/31) Phillip Lougher
[    1.042505] fuse init (API version 7.26)
[    1.048335] Key type asymmetric registered
[    1.050215] Asymmetric key parser 'x509' registered
[    1.052811] Block layer SCSI generic (bsg) driver version 0.4 loaded (major 246)
[    1.056001] io scheduler noop registered
[    1.057861] io scheduler deadline registered
[    1.059871] io scheduler cfq registered (default)
[    1.062746] ACPI: AC Adapter [AC] (on-line)
[    1.064521] input: Power Button as /devices/LNXSYSTM:00/LNXPWRBN:00/input/input0
[    1.066801] ACPI: Power Button [PWRF]
[    1.068582] input: Sleep Button as /devices/LNXSYSTM:00/LNXSLPBN:00/input/input1
[    1.071855] ACPI: Sleep Button [SLPF]
[    1.075231] ACPI: Battery Slot [BAT0] (battery present)
[    1.076259] Serial: 8250/16550 driver, 32 ports, IRQ sharing enabled
[    1.100590] 00:02: ttyS0 at I/O 0x3f8 (irq = 4, base_baud = 115200) is a 16550A
[    1.106098] Linux agpgart interface v0.103
[    1.113273] loop: module loaded
[    1.115462] scsi host0: ata_piix
[    1.116989] scsi host1: ata_piix
[    1.118294] ata1: PATA max UDMA/33 cmd 0x1f0 ctl 0x3f6 bmdma 0xd000 irq 14
[    1.120568] ata2: PATA max UDMA/33 cmd 0x170 ctl 0x376 bmdma 0xd008 irq 15
[    1.123146] libphy: Fixed MDIO Bus: probed
[    1.124821] tun: Universal TUN/TAP device driver, 1.6
[    1.126738] PPP generic driver version 2.4.2
[    1.128045] ehci_hcd: USB 2.0 'Enhanced' Host Controller (EHCI) Driver
[    1.129928] ehci-pci: EHCI PCI platform driver
[    1.131221] ehci-platform: EHCI generic platform driver
[    1.132741] ohci_hcd: USB 1.1 'Open' Host Controller (OHCI) Driver
[    1.134451] ohci-pci: OHCI PCI platform driver
[    1.135721] ohci-platform: OHCI generic platform driver
[    1.137442] uhci_hcd: USB Universal Host Controller Interface driver
[    1.139248] i8042: PNP: PS/2 Controller [PNP0303:PS2K,PNP0f03:PS2M] at 0x60,0x64 irq 1,12
[    1.142281] serio: i8042 KBD port at 0x60,0x64 irq 1
[    1.143731] serio: i8042 AUX port at 0x60,0x64 irq 12
[    1.145275] mousedev: PS/2 mouse device common for all mice
[    1.147183] input: AT Translated Set 2 keyboard as /devices/platform/i8042/serio0/input/input2
[    1.150181] rtc_cmos rtc_cmos: rtc core: registered rtc_cmos as rtc0
[    1.152117] rtc_cmos rtc_cmos: alarms up to one day, 114 bytes nvram
[    1.153872] i2c /dev entries driver
[    1.155179] device-mapper: uevent: version 1.0.3
[    1.156727] device-mapper: ioctl: 4.37.0-ioctl (2017-09-20) initialised: dm-devel@redhat.com
[    1.159172] ledtrig-cpu: registered to indicate activity on CPUs
[    1.161878] NET: Registered protocol family 10
[    1.167592] Segment Routing with IPv6
[    1.168900] NET: Registered protocol family 17
[    1.170395] Key type dns_resolver registered
[    1.172160] mce: Using 0 MCE banks
[    1.173201] RAS: Correctable Errors collector initialized.
[    1.174722] sched_clock: Marking stable (1172121234, 0)->(1523191505, -351070271)
[    1.177483] registered taskstats version 1
[    1.178680] Loading compiled-in X.509 certificates
[    1.183069] Loaded X.509 cert 'Build time autogenerated kernel key: 3a65b6a3c8b5d6b297d77c25be9161529933bc49'
[    1.185909] zswap: loaded using pool lzo/zbud
[    1.192127] Key type big_key registered
[    1.193393] Key type trusted registered
[    1.197200] Key type encrypted registered
[    1.198490] AppArmor: AppArmor sha1 policy hashing enabled
[    1.200141] ima: No TPM chip found, activating TPM-bypass! (rc=-19)
[    1.202368] ima: Allocated hash algorithm: sha1
[    1.203755] evm: HMAC attrs: 0x1
[    1.205531]   Magic number: 7:484:734
[    1.207000] rtc_cmos rtc_cmos: setting system clock to 2019-10-20 12:43:42 UTC (1571575422)
[    1.209742] BIOS EDD facility v0.16 2004-Jun-25, 0 devices found
[    1.211548] EDD information not available.
[    1.292669] Freeing unused kernel image memory: 2436K
[    1.304081] Write protecting the kernel read-only data: 20480k
[    1.307640] Freeing unused kernel image memory: 2008K
[    1.310560] Freeing unused kernel image memory: 1888K
[    1.334109] x86/mm: Checked W+X mappings: passed, no W+X pages found.
[    1.337729] x86/mm: Checking user space page tables
[    1.355284] x86/mm: Checked W+X mappings: passed, no W+X pages found.
Loading, please wait...
starting version 237
[    1.471791] e1000: Intel(R) PRO/1000 Network Driver - version 7.3.21-k8-NAPI
[    1.474339] e1000: Copyright (c) 1999-2006 Intel Corporation.
[    1.506696] Fusion MPT base driver 3.04.20
[    1.508600] Copyright (c) 1999-2008 LSI Corporation
[    1.526855] AVX2 version of gcm_enc/dec engaged.
[    1.528528] AES CTR mode by8 optimization enabled
[    1.534851] Fusion MPT SPI Host driver 3.04.20
[    1.722445] input: ImExPS/2 Generic Explorer Mouse as /devices/platform/i8042/serio1/input/input4
[    1.988287] e1000 0000:00:03.0 eth0: (PCI:33MHz:32-bit) 02:82:7a:7b:51:94
[    1.990392] e1000 0000:00:03.0 eth0: Intel(R) PRO/1000 Network Connection
[    1.994804] e1000 0000:00:03.0 enp0s3: renamed from eth0
[    1.996640] mptbase: ioc0: Initiating bringup
[    2.105599] ioc0: LSI53C1030 A0: Capabilities={Initiator}
[    2.351913] scsi host2: ioc0: LSI53C1030 A0, FwRev=00000000h, Ports=1, MaxQ=256, IRQ=20
[    2.521372] scsi 2:0:0:0: Direct-Access     VBOX     HARDDISK         1.0  PQ: 0 ANSI: 5
[    2.967843] scsi target2:0:0: Beginning Domain Validation
[    2.979527] scsi target2:0:0: Domain Validation skipping write tests
[    2.984139] scsi target2:0:0: Ending Domain Validation
[    2.987449] scsi target2:0:0: asynchronous
[    2.990773] scsi 2:0:1:0: Direct-Access     VBOX     HARDDISK         1.0  PQ: 0 ANSI: 5
[    3.091891] scsi target2:0:1: Beginning Domain Validation
[    3.100102] random: fast init done
[    3.105972] scsi target2:0:1: Domain Validation skipping write tests
[    3.109711] scsi target2:0:1: Ending Domain Validation
[    3.112640] scsi target2:0:1: asynchronous
[    3.122403] random: systemd-udevd: uninitialized urandom read (16 bytes read)
[    3.124566] random: systemd-udevd: uninitialized urandom read (16 bytes read)
[    3.126721] random: systemd-udevd: uninitialized urandom read (16 bytes read)
[    3.129476] sd 2:0:0:0: Attached scsi generic sg0 type 0
[    3.131351] sd 2:0:0:0: [sda] 20971520 512-byte logical blocks: (10.7 GB/10.0 GiB)
[    3.131783] sd 2:0:1:0: [sdb] 20480 512-byte logical blocks: (10.5 MB/10.0 MiB)
[    3.135119] sd 2:0:1:0: Attached scsi generic sg1 type 0
[    3.137932] sd 2:0:1:0: [sdb] Write Protect is off
[    3.139360] sd 2:0:0:0: [sda] Write Protect is off
[    3.142985] sd 2:0:1:0: [sdb] Incomplete mode parameter data
[    3.143038] sd 2:0:0:0: [sda] Incomplete mode parameter data
[    3.145595] sd 2:0:1:0: [sdb] Assuming drive cache: write through
[    3.147159] sd 2:0:0:0: [sda] Assuming drive cache: write through
[    3.170613]  sda: sda1
[    3.172629] sd 2:0:1:0: [sdb] Attached SCSI disk
[    3.176830] sd 2:0:0:0: [sda] Attached SCSI disk
Begin: Loading essential drivers ... [    5.084231] raid6: sse2x1   gen()  7783 MB/s
[    5.132015] raid6: sse2x1   xor()  5439 MB/s
[    5.180025] raid6: sse2x2   gen()  9366 MB/s
[    5.228646] raid6: sse2x2   xor()  6322 MB/s
[    5.276517] raid6: sse2x4   gen() 10553 MB/s
[    5.324032] raid6: sse2x4   xor()  6520 MB/s
[    5.372171] raid6: avx2x1   gen() 14530 MB/s
[    5.420101] raid6: avx2x1   xor() 10792 MB/s
[    5.468794] raid6: avx2x2   gen() 17964 MB/s
[    5.516567] raid6: avx2x2   xor() 11305 MB/s
[    5.564387] raid6: avx2x4   gen() 20752 MB/s
[    5.612362] raid6: avx2x4   xor() 12604 MB/s
[    5.613710] raid6: using algorithm avx2x4 gen() 20752 MB/s
[    5.615380] raid6: .... xor() 12604 MB/s, rmw enabled
[    5.617245] raid6: using avx2x2 recovery algorithm
[    5.620849] xor: automatically using best checksumming function   avx       
[    5.625130] async_tx: api initialized (async)
done.
Begin: Running /scripts/init-premount ... done.
Begin: Mounting root file system ... Begin: Running /scripts/local-top ... done.
Begin: Running /scripts/local-premount ... [    5.699727] Btrfs loaded, crc32c=crc32c-intel
Scanning for Btrfs filesystems
done.
Warning: fsck not present, so skipping root file system
[    5.762829] EXT4-fs (sda1): INFO: recovery required on readonly filesystem
[    5.766383] EXT4-fs (sda1): write access will be enabled during recovery
[    5.874085] EXT4-fs (sda1): recovery complete
[    5.876512] EXT4-fs (sda1): mounted filesystem with ordered data mode. Opts: (null)
done.
Begin: Running /scripts/local-bottom ... done.
Begin: Running /scripts/init-bottom ... done.
[    6.607261] ip_tables: (C) 2000-2006 Netfilter Core Team
[    6.629964] systemd[1]: systemd 237 running in system mode. (+PAM +AUDIT +SELINUX +IMA +APPARMOR +SMACK +SYSVINIT +UTMP +LIBCRYPTSETUP +GCRYPT +GNUTLS +ACL +XZ +LZ4 +SECCOMP +BLKID +ELFUTILS +KMOD -IDN2 +IDN -PCRE2 default-hierarchy=hybrid)
[    6.638060] systemd[1]: Detected virtualization oracle.
[    6.640388] systemd[1]: Detected architecture x86-64.

Welcome to [1mUbuntu 18.04.3 LTS[0m!

[    7.024510] systemd[1]: Set hostname to <ubuntu-bionic>.
[    7.633135] random: crng init done
[    7.634194] random: 7 urandom warning(s) missed due to ratelimiting
[    7.976023] systemd[1]: Started Forward Password Requests to Wall Directory Watch.
[[0;32m  OK  [0m] Started Forward Password Requests to Wall Directory Watch.
[    7.979944] systemd[1]: Set up automount Arbitrary Executable File Formats File System Automount Point.
[[0;32m  OK  [0m] Set up automount Arbitrary Executab…rmats File System Automount Point.
[    7.984207] systemd[1]: Reached target User and Group Name Lookups.
[[0;32m  OK  [0m] Reached target User and Group Name Lookups.
[    7.998345] systemd[1]: Reached target Swap.
[[0;32m  OK  [0m] Reached target Swap.
[    8.004818] systemd[1]: Created slice User and Session Slice.
[[0;32m  OK  [0m] Created slice User and Session Slice.
[    8.010295] systemd[1]: Created slice System Slice.
[[0;32m  OK  [0m] Created slice System Slice.
[[0;32m  OK  [0m] Listening on udev Kernel Socket.
[[0;32m  OK  [0m] Listening on Device-mapper event daemon FIFOs.
[[0;32m  OK  [0m] Listening on Journal Socket.
         Starting Load Kernel Modules...
         Starting Create list of required st…ce nodes for the current kernel...
[[0;32m  OK  [0m] Listening on Journal Audit Socket.
[[0;32m  OK  [0m] Listening on LVM2 poll daemon socket.
[[0;32m  OK  [0m] Listening on udev Control Socket.
         Starting Remount Root and Kernel File Systems...
[    8.072607] Loading iSCSI transport class v2.0-870.
[[0;32m  OK  [0m] Listening on Journal Socket (/dev/log).
[[0;32m  OK  [0m] Listening on Network Service Netlink Socket.
         Starting udev Coldplug all Devices...
         Mounting POSIX Message Queue File System...
[[0;32m  OK  [0m] Listening on LVM2 metadata daemon socket.
         Starting Monitoring of LVM2 mirrors…ng dmeventd or progress polling...
[    8.118516] iscsi: registered transport (tcp)
         Starting Uncomplicated firewall...
[[0;32m  OK  [0m] Listening on /dev/initctl Compatibility Named Pipe.
[[0;32m  OK  [0m] Reached target System Time Synchronized.
         Mounting Kernel Debug File System...
         Mounting Huge Pages File System...
[[0;32m  OK  [0m] Reached target Slices.
         Starting Set the console keyboard layout...
[[0;32m  OK  [0m] Listening on Syslog Socket.
         Starting Journal Service...
[[0;32m  OK  [0m] Created slice system-serial\x2dgetty.slice.
[[0;32m  OK  [0m] Started Create list of required sta…vice nodes for the current kernel.
         Starting Create Static Device Nodes in /dev...
[[0;32m  OK  [0m] Started udev Coldplug all Devices.
[[0;32m  OK  [0m] Started Uncomplicated firewall.
[[0;32m  OK  [0m] Mounted Kernel Debug File System.
[[0;32m  OK  [0m] Mounted Huge Pages File System.
[[0;32m  OK  [0m] Started LVM2 metadata daemon.
[[0;32m  OK  [0m] Mounted POSIX Message Queue File System.
[    8.397957] EXT4-fs (sda1): re-mounted. Opts: (null)
[[0;32m  OK  [0m] Started Remount Root and Kernel File Systems.
         Starting Load/Save Random Seed...
[    8.447886] iscsi: registered transport (iser)
[[0;32m  OK  [0m] Started Journal Service.
[[0;32m  OK  [0m] Started Load Kernel Modules.
[[0;32m  OK  [0m] Started Create Static Device Nodes in /dev.
         Starting udev Kernel Device Manager...
         Mounting Kernel Configuration File System...
         Starting Apply Kernel Variables...
         Mounting FUSE Control File System...
         Starting Flush Journal to Persistent Storage...
[[0;32m  OK  [0m] Started Load/Save Random Seed.
[[0;32m  OK  [0m] Mounted Kernel Configuration File System.
[[0;32m  OK  [0m] Mounted FUSE Control File System.
[[0;32m  OK  [0m] Started Monitoring of LVM2 mirrors,…sing dmeventd or progress polling.
[[0;32m  OK  [0m] Started Apply Kernel Variables.
[[0;32m  OK  [0m] Started udev Kernel Device Manager.
[[0;32m  OK  [0m] Started Set the console keyboard layout.
[[0;32m  OK  [0m] Started Dispatch Password Requests to Console Directory Watch.
[[0;32m  OK  [0m] Reached target Local Encrypted Volumes.
[[0;32m  OK  [0m] Reached target Local File Systems (Pre).
[[0;32m  OK  [0m] Reached target Local File Systems.
         Starting Set console font and keymap...
         Starting AppArmor initialization...
         Starting Tell Plymouth To Write Out Runtime Data...
         Starting ebtables ruleset management...
[[0;32m  OK  [0m] Started Set console font and keymap.
[[0;32m  OK  [0m] Started Tell Plymouth To Write Out Runtime Data.
[[0;32m  OK  [0m] Started Flush Journal to Persistent Storage.
         Starting Create Volatile Files and Directories...
[[0;32m  OK  [0m] Started Create Volatile Files and Directories.
         Starting Update UTMP about System Boot/Shutdown...
[[0;32m  OK  [0m] Started ebtables ruleset management.
[[0;32m  OK  [0m] Started Update UTMP about System Boot/Shutdown.
[[0;32m  OK  [0m] Found device /dev/ttyS0.
[[0;32m  OK  [0m] Listening on Load/Save RF Kill Switch Status /dev/rfkill Watch.
[[0;32m  OK  [0m] Started AppArmor initialization.
         Starting Initial cloud-init job (pre-networking)...
[   13.663707] cloud-init[538]: Cloud-init v. 19.2-36-g059d049c-0ubuntu2~18.04.1 running 'init-local' at Sun, 20 Oct 2019 12:43:54 +0000. Up 13.18 seconds.
[[0;32m  OK  [0m] Started Initial cloud-init job (pre-networking).
[[0;32m  OK  [0m] Reached target Network (Pre).
         Starting Network Service...
[[0;32m  OK  [0m] Started Network Service.
         Starting Network Name Resolution...
         Starting Wait for Network to be Configured...
[[0;32m  OK  [0m] Started Network Name Resolution.
[[0;32m  OK  [0m] Reached target Host and Network Name Lookups.
[[0;32m  OK  [0m] Reached target Network.
[[0;32m  OK  [0m] Started Wait for Network to be Configured.
         Starting Initial cloud-init job (metadata service crawler)...
[   16.707648] cloud-init[676]: Cloud-init v. 19.2-36-g059d049c-0ubuntu2~18.04.1 running 'init' at Sun, 20 Oct 2019 12:43:57 +0000. Up 16.21 seconds.
[   16.709886] cloud-init[676]: ci-info: ++++++++++++++++++++++++++++++++++++++Net device info++++++++++++++++++++++++++++++++++++++
[   16.712252] cloud-init[676]: ci-info: +--------+------+----------------------------+---------------+--------+-------------------+
[   16.716528] cloud-init[676]: ci-info: | Device |  Up  |          Address           |      Mask     | Scope  |     Hw-Address    |
[   16.720368] cloud-init[676]: ci-info: +--------+------+----------------------------+---------------+--------+-------------------+
[   16.723144] cloud-init[676]: ci-info: | enp0s3 | True |         10.0.2.15          | 255.255.255.0 | global | 02:82:7a:7b:51:94 |
[   16.726496] cloud-init[676]: ci-info: | enp0s3 | True | fe80::82:7aff:fe7b:5194/64 |       .       |  link  | 02:82:7a:7b:51:94 |
[   16.730134] cloud-init[676]: ci-info: |   lo   | True |         127.0.0.1          |   255.0.0.0   |  host  |         .         |
[   16.744315] cloud-init[676]: ci-info: |   lo   | True |          ::1/128           |       .       |  host  |         .         |
[   16.747528] cloud-init[676]: ci-info: +--------+------+----------------------------+---------------+--------+-------------------+
[   16.760470] cloud-init[676]: ci-info: ++++++++++++++++++++++++++++Route IPv4 info+++++++++++++++++++++++++++++
[   16.779452] cloud-init[676]: ci-info: +-------+-------------+----------+-----------------+-----------+-------+
[   16.783031] cloud-init[676]: ci-info: | Route | Destination | Gateway  |     Genmask     | Interface | Flags |
[   16.786268] cloud-init[676]: ci-info: +-------+-------------+----------+-----------------+-----------+-------+
[   16.788449] cloud-init[676]: ci-info: |   0   |   0.0.0.0   | 10.0.2.2 |     0.0.0.0     |   enp0s3  |   UG  |
[   16.790645] cloud-init[676]: ci-info: |   1   |   10.0.2.0  | 0.0.0.0  |  255.255.255.0  |   enp0s3  |   U   |
[   16.800245] cloud-init[676]: ci-info: |   2   |   10.0.2.2  | 0.0.0.0  | 255.255.255.255 |   enp0s3  |   UH  |
[   16.817049] cloud-init[676]: ci-info: +-------+-------------+----------+-----------------+-----------+-------+
[   16.818870] cloud-init[676]: ci-info: +++++++++++++++++++Route IPv6 info+++++++++++++++++++
[   16.820293] cloud-init[676]: ci-info: +-------+-------------+---------+-----------+-------+
[   16.821867] cloud-init[676]: ci-info: | Route | Destination | Gateway | Interface | Flags |
[   16.832778] cloud-init[676]: ci-info: +-------+-------------+---------+-----------+-------+
[   16.836014] cloud-init[676]: ci-info: |   1   |  fe80::/64  |    ::   |   enp0s3  |   U   |
[   16.838624] cloud-init[676]: ci-info: |   3   |    local    |    ::   |   enp0s3  |   U   |
[   16.840443] cloud-init[676]: ci-info: |   4   |   ff00::/8  |    ::   |   enp0s3  |   U   |
[   16.842764] cloud-init[676]: ci-info: +-------+-------------+---------+-----------+-------+
[[0;32m  OK  [0m] Started Initial cloud-init job (metadata service crawler).
[[0;32m  OK  [0m] Reached target Cloud-config availability.
[[0;32m  OK  [0m] Reached target Network is Online.
         Starting Availability of block devices...
[[0;32m  OK  [0m] Reached target Remote File Systems (Pre).
[[0;32m  OK  [0m] Reached target Remote File Systems.
[[0;32m  OK  [0m] Reached target System Initialization.
[[0;32m  OK  [0m] Listening on ACPID Listen Socket.
[[0;32m  OK  [0m] Started Message of the Day.
[[0;32m  OK  [0m] Started ACPI Events Check.
[[0;32m  OK  [0m] Listening on Open-iSCSI iscsid Socket.
[[0;32m  OK  [0m] Reached target Paths.
[[0;32m  OK  [0m] Listening on UUID daemon activation socket.
         Starting LXD - unix socket.
[[0;32m  OK  [0m] Started Daily Cleanup of Temporary Directories.
[[0;32m  OK  [0m] Listening on D-Bus System Message Bus Socket.
[[0;32m  OK  [0m] Started Daily apt download activities.
[[0;32m  OK  [0m] Started Daily apt upgrade and clean activities.
[[0;32m  OK  [0m] Started Discard unused blocks once a week.
[[0;32m  OK  [0m] Reached target Timers.
         Starting Socket activation for snappy daemon.
[[0;32m  OK  [0m] Started Availability of block devices.
[[0;32m  OK  [0m] Listening on LXD - unix socket.
[[0;32m  OK  [0m] Listening on Socket activation for snappy daemon.
[[0;32m  OK  [0m] Reached target Sockets.
[[0;32m  OK  [0m] Reached target Basic System.
         Starting Message of the Day...
         Starting The Apache HTTP Server...
[[0;32m  OK  [0m] Started D-Bus System Message Bus.
[[0;32m  OK  [0m] Started Regular background program processing daemon.
         Starting System Logging Service...
         Starting Dispatcher daemon for systemd-networkd...
         Starting OpenBSD Secure Shell server...
         Starting LSB: automatic crash report generation...
         Starting Permit User Sessions...
         Starting Login Service...
[[0;32m  OK  [0m] Started Deferred execution scheduler.
[[0;32m  OK  [0m] Started irqbalance daemon.
         Starting LSB: Record successful boot for GRUB...
[[0;32m  OK  [0m] Started FUSE filesystem for LXC.
         Starting Snappy daemon...
         Starting Accounts Service...
         Starting Virtualbox guest utils...
         Starting LXD - container startup/shutdown...
[[0;32m  OK  [0m] Started Permit User Sessions.
[[0;32m  OK  [0m] Started Login Service.
[[0;32m  OK  [0m] Started Unattended Upgrades Shutdown.
         Starting Hold until boot process finishes up...
         Starting Terminate Plymouth Boot Screen...
[[0;32m  OK  [0m] Started Hold until boot process finishes up.
         Starting Set console scheme...
[[0;32m  OK  [0m] Started Serial Getty on ttyS0.
[[0;32m  OK  [0m] Started System Logging Service.
[[0;32m  OK  [0m] Started Terminate Plymouth Boot Screen.
[[0;32m  OK  [0m] Started Set console scheme.
[[0;32m  OK  [0m] Created slice system-getty.slice.
[[0;32m  OK  [0m] Started Getty on tty1.
[[0;32m  OK  [0m] Reached target Login Prompts.
[[0;32m  OK  [0m] Started LSB: automatic crash report generation.
[[0;32m  OK  [0m] Started LSB: Record successful boot for GRUB.
[[0;32m  OK  [0m] Started OpenBSD Secure Shell server.
         Starting Authorization Manager...
[[0;32m  OK  [0m] Started The Apache HTTP Server.
[[0;32m  OK  [0m] Started Virtualbox guest utils.
[[0;32m  OK  [0m] Started Authorization Manager.
[[0;32m  OK  [0m] Started Accounts Service.
[[0;32m  OK  [0m] Started Dispatcher daemon for systemd-networkd.
[[0;32m  OK  [0m] Started LXD - container startup/shutdown.
[[0;32m  OK  [0m] Created slice User Slice of vagrant.
         Starting User Manager for UID 1000...
[[0;32m  OK  [0m] Started Session 1 of user vagrant.
[[0;32m  OK  [0m] Started Snappy daemon.
         Starting Wait until snapd is fully seeded...
[[0;32m  OK  [0m] Started Wait until snapd is fully seeded.
[[0;32m  OK  [0m] Reached target Multi-User System.
[[0;32m  OK  [0m] Reached target Graphical Interface.
         Starting Update UTMP about System Runlevel Changes...
         Starting Apply the settings specified in cloud-config...
[[0;32m  OK  [0m] Started Update UTMP about System Runlevel Changes.
[[0;32m  OK  [0m] Started User Manager for UID 1000.
[[0;32m  OK  [0m] Started Message of the Day.
[   22.430884] cloud-init[1283]: Cloud-init v. 19.2-36-g059d049c-0ubuntu2~18.04.1 running 'modules:config' at Sun, 20 Oct 2019 12:44:03 +0000. Up 22.20 seconds.
[[0;32m  OK  [0m] Started Apply the settings specified in cloud-config.
         Starting Execute cloud user/final scripts...
[   23.802441] cloud-init[1368]: Cloud-init v. 19.2-36-g059d049c-0ubuntu2~18.04.1 running 'modules:final' at Sun, 20 Oct 2019 12:44:04 +0000. Up 23.50 seconds.
[   23.809366] cloud-init[1368]: Cloud-init v. 19.2-36-g059d049c-0ubuntu2~18.04.1 finished at Sun, 20 Oct 2019 12:44:05 +0000. Datasource DataSourceNoCloud [seed=/dev/sdb][dsmode=net].  Up 23.76 seconds

Ubuntu 18.04.3 LTS ubuntu-bionic ttyS0

ubuntu-bionic login: 